2026-03-16T00:00:08.185-05:00  INFO 24580 --- [polizas-api] [main] c.s.polizasapp.PolizasappApplication     : Starting PolizasappApplication using Java 25.0.2 with PID 24580 (C:\xampp\htdocs\SpringBoot\Nueva carpeta\polizasapp\target\classes started by Unknown_U in C:\xampp\htdocs\SpringBoot\Nueva carpeta\polizasapp)
2026-03-16T00:00:08.192-05:00  INFO 24580 --- [polizas-api] [main] c.s.polizasapp.PolizasappApplication     : No active profile set, falling back to 1 default profile: "default"
2026-03-16T00:00:08.701-05:00  INFO 24580 --- [polizas-api] [main] .s.d.r.c.RepositoryConfigurationDelegate : Bootstrapping Spring Data JPA repositories in DEFAULT mode.
2026-03-16T00:00:08.754-05:00  INFO 24580 --- [polizas-api] [main] .s.d.r.c.RepositoryConfigurationDelegate : Finished Spring Data repository scanning in 45 ms. Found 2 JPA repository interfaces.
2026-03-16T00:00:09.125-05:00  INFO 24580 --- [polizas-api] [main] o.s.boot.tomcat.TomcatWebServer          : Tomcat initialized with port 8080 (http)
2026-03-16T00:00:09.141-05:00  INFO 24580 --- [polizas-api] [main] o.apache.catalina.core.StandardService   : Starting service [Tomcat]
2026-03-16T00:00:09.142-05:00  INFO 24580 --- [polizas-api] [main] o.apache.catalina.core.StandardEngine    : Starting Servlet engine: [Apache Tomcat/11.0.18]
2026-03-16T00:00:09.207-05:00  INFO 24580 --- [polizas-api] [main] b.w.c.s.WebApplicationContextInitializer : Root WebApplicationContext: initialization completed in 972 ms
2026-03-16T00:00:09.352-05:00  INFO 24580 --- [polizas-api] [main] org.hibernate.orm.jpa                    : HHH008540: Processing PersistenceUnitInfo [name: default]
2026-03-16T00:00:09.403-05:00  INFO 24580 --- [polizas-api] [main] org.hibernate.orm.core                   : HHH000001: Hibernate ORM core version 7.2.4.Final
2026-03-16T00:00:09.848-05:00  INFO 24580 --- [polizas-api] [main] o.s.o.j.p.SpringPersistenceUnitInfo      : No LoadTimeWeaver setup: ignoring JPA class transformer
2026-03-16T00:00:09.878-05:00  INFO 24580 --- [polizas-api] [main] com.zaxxer.hikari.HikariDataSource       : HikariPool-1 - Starting...
2026-03-16T00:00:10.039-05:00  INFO 24580 --- [polizas-api] [main] com.zaxxer.hikari.pool.HikariPool        : HikariPool-1 - Added connection conn0: url=jdbc:h2:mem:polizasdb user=SA
2026-03-16T00:00:10.041-05:00  INFO 24580 --- [polizas-api] [main] com.zaxxer.hikari.HikariDataSource       : HikariPool-1 - Start completed.
2026-03-16T00:00:10.061-05:00  WARN 24580 --- [polizas-api] [main] org.hibernate.orm.deprecation            : HHH90000025: H2Dialect does not need to be specified explicitly using 'hibernate.dialect' (remove the property setting and it will be selected by default)
2026-03-16T00:00:10.086-05:00  INFO 24580 --- [polizas-api] [main] org.hibernate.orm.connections.pooling    : HHH10001005: Database info:
	Database JDBC URL [jdbc:h2:mem:polizasdb]
	Database driver: H2 JDBC Driver
	Database dialect: H2Dialect
	Database version: 2.4.240
	Default catalog/schema: POLIZASDB/PUBLIC
	Autocommit mode: undefined/unknown
	Isolation level: READ_COMMITTED [default READ_COMMITTED]
	JDBC fetch size: 100
	Pool: DataSourceConnectionProvider
	Minimum pool size: undefined/unknown
	Maximum pool size: undefined/unknown
2026-03-16T00:00:10.877-05:00  INFO 24580 --- [polizas-api] [main] org.hibernate.orm.core                   : HHH000489: No JTA platform available (set 'hibernate.transaction.jta.platform' to enable JTA platform integration)
2026-03-16T00:00:10.948-05:00  INFO 24580 --- [polizas-api] [main] j.LocalContainerEntityManagerFactoryBean : Initialized JPA EntityManagerFactory for persistence unit 'default'
2026-03-16T00:00:11.019-05:00  INFO 24580 --- [polizas-api] [main] o.s.d.j.r.query.QueryEnhancerFactories   : Hibernate is in classpath; If applicable, HQL parser will be used.
2026-03-16T00:00:11.240-05:00  WARN 24580 --- [polizas-api] [main] JpaBaseConfiguration$JpaWebConfiguration : spring.jpa.open-in-view is enabled by default. Therefore, database queries may be performed during view rendering. Explicitly configure spring.jpa.open-in-view to disable this warning
2026-03-16T00:00:11.461-05:00  INFO 24580 --- [polizas-api] [main] o.s.b.h.a.H2ConsoleAutoConfiguration     : H2 console available at '/h2-console'. Database available at 'jdbc:h2:mem:polizasdb'
2026-03-16T00:00:11.521-05:00  INFO 24580 --- [polizas-api] [main] o.s.boot.tomcat.TomcatWebServer          : Tomcat started on port 8080 (http) with context path '/'
2026-03-16T00:00:11.526-05:00  INFO 24580 --- [polizas-api] [main] c.s.polizasapp.PolizasappApplication     : Started PolizasappApplication in 3.705 seconds (process running for 4.082)
2026-03-16T00:00:14.672-05:00  INFO 24580 --- [polizas-api] [SpringApplicationShutdownHook] o.s.boot.tomcat.GracefulShutdown         : Commencing graceful shutdown. Waiting for active requests to complete
2026-03-16T00:00:14.681-05:00  INFO 24580 --- [polizas-api] [tomcat-shutdown] o.s.boot.tomcat.GracefulShutdown         : Graceful shutdown complete
2026-03-16T00:00:14.685-05:00  INFO 24580 --- [polizas-api] [SpringApplicationShutdownHook] j.LocalContainerEntityManagerFactoryBean : Closing JPA EntityManagerFactory for persistence unit 'default'
2026-03-16T00:00:14.687-05:00  INFO 24580 --- [polizas-api] [SpringApplicationShutdownHook] com.zaxxer.hikari.HikariDataSource       : HikariPool-1 - Shutdown initiated...
2026-03-16T00:00:14.688-05:00  INFO 24580 --- [polizas-api] [SpringApplicationShutdownHook] com.zaxxer.hikari.HikariDataSource       : HikariPool-1 - Shutdown completed.
2026-03-16T00:13:59.967-05:00  INFO 23388 --- [polizas-api] [main] c.s.polizasapp.PolizasappApplication     : Starting PolizasappApplication using Java 25.0.2 with PID 23388 (C:\xampp\htdocs\SpringBoot\Nueva carpeta\polizasapp\target\classes started by Unknown_U in C:\xampp\htdocs\SpringBoot\Nueva carpeta\polizasapp)
2026-03-16T00:13:59.970-05:00  INFO 23388 --- [polizas-api] [main] c.s.polizasapp.PolizasappApplication     : No active profile set, falling back to 1 default profile: "default"
2026-03-16T00:14:00.504-05:00  INFO 23388 --- [polizas-api] [main] .s.d.r.c.RepositoryConfigurationDelegate : Bootstrapping Spring Data JPA repositories in DEFAULT mode.
2026-03-16T00:14:00.559-05:00  INFO 23388 --- [polizas-api] [main] .s.d.r.c.RepositoryConfigurationDelegate : Finished Spring Data repository scanning in 46 ms. Found 2 JPA repository interfaces.
2026-03-16T00:14:00.959-05:00  INFO 23388 --- [polizas-api] [main] o.s.boot.tomcat.TomcatWebServer          : Tomcat initialized with port 8080 (http)
2026-03-16T00:14:00.974-05:00  INFO 23388 --- [polizas-api] [main] o.apache.catalina.core.StandardService   : Starting service [Tomcat]
2026-03-16T00:14:00.974-05:00  INFO 23388 --- [polizas-api] [main] o.apache.catalina.core.StandardEngine    : Starting Servlet engine: [Apache Tomcat/11.0.18]
2026-03-16T00:14:01.042-05:00  INFO 23388 --- [polizas-api] [main] b.w.c.s.WebApplicationContextInitializer : Root WebApplicationContext: initialization completed in 1031 ms
2026-03-16T00:14:01.192-05:00  INFO 23388 --- [polizas-api] [main] org.hibernate.orm.jpa                    : HHH008540: Processing PersistenceUnitInfo [name: default]
2026-03-16T00:14:01.243-05:00  INFO 23388 --- [polizas-api] [main] org.hibernate.orm.core                   : HHH000001: Hibernate ORM core version 7.2.4.Final
2026-03-16T00:14:01.687-05:00  INFO 23388 --- [polizas-api] [main] o.s.o.j.p.SpringPersistenceUnitInfo      : No LoadTimeWeaver setup: ignoring JPA class transformer
2026-03-16T00:14:01.718-05:00  INFO 23388 --- [polizas-api] [main] com.zaxxer.hikari.HikariDataSource       : HikariPool-1 - Starting...
2026-03-16T00:14:01.876-05:00  INFO 23388 --- [polizas-api] [main] com.zaxxer.hikari.pool.HikariPool        : HikariPool-1 - Added connection conn0: url=jdbc:h2:mem:polizasdb user=SA
2026-03-16T00:14:01.878-05:00  INFO 23388 --- [polizas-api] [main] com.zaxxer.hikari.HikariDataSource       : HikariPool-1 - Start completed.
2026-03-16T00:14:01.900-05:00  WARN 23388 --- [polizas-api] [main] org.hibernate.orm.deprecation            : HHH90000025: H2Dialect does not need to be specified explicitly using 'hibernate.dialect' (remove the property setting and it will be selected by default)
2026-03-16T00:14:01.922-05:00  INFO 23388 --- [polizas-api] [main] org.hibernate.orm.connections.pooling    : HHH10001005: Database info:
	Database JDBC URL [jdbc:h2:mem:polizasdb]
	Database driver: H2 JDBC Driver
	Database dialect: H2Dialect
	Database version: 2.4.240
	Default catalog/schema: POLIZASDB/PUBLIC
	Autocommit mode: undefined/unknown
	Isolation level: READ_COMMITTED [default READ_COMMITTED]
	JDBC fetch size: 100
	Pool: DataSourceConnectionProvider
	Minimum pool size: undefined/unknown
	Maximum pool size: undefined/unknown
2026-03-16T00:14:02.698-05:00  INFO 23388 --- [polizas-api] [main] org.hibernate.orm.core                   : HHH000489: No JTA platform available (set 'hibernate.transaction.jta.platform' to enable JTA platform integration)
2026-03-16T00:14:02.762-05:00  INFO 23388 --- [polizas-api] [main] j.LocalContainerEntityManagerFactoryBean : Initialized JPA EntityManagerFactory for persistence unit 'default'
2026-03-16T00:14:02.837-05:00  INFO 23388 --- [polizas-api] [main] o.s.d.j.r.query.QueryEnhancerFactories   : Hibernate is in classpath; If applicable, HQL parser will be used.
2026-03-16T00:14:03.064-05:00  WARN 23388 --- [polizas-api] [main] JpaBaseConfiguration$JpaWebConfiguration : spring.jpa.open-in-view is enabled by default. Therefore, database queries may be performed during view rendering. Explicitly configure spring.jpa.open-in-view to disable this warning
2026-03-16T00:14:03.272-05:00  INFO 23388 --- [polizas-api] [main] o.s.b.h.a.H2ConsoleAutoConfiguration     : H2 console available at '/h2-console'. Database available at 'jdbc:h2:mem:polizasdb'
2026-03-16T00:14:03.330-05:00  INFO 23388 --- [polizas-api] [main] o.s.boot.tomcat.TomcatWebServer          : Tomcat started on port 8080 (http) with context path '/'
2026-03-16T00:14:03.335-05:00  INFO 23388 --- [polizas-api] [main] c.s.polizasapp.PolizasappApplication     : Started PolizasappApplication in 3.733 seconds (process running for 4.104)
2026-03-16T00:14:33.803-05:00  INFO 23388 --- [polizas-api] [http-nio-8080-exec-2] o.a.c.c.C.[Tomcat].[localhost].[/]       : Initializing Spring DispatcherServlet 'dispatcherServlet'
2026-03-16T00:14:33.803-05:00  INFO 23388 --- [polizas-api] [http-nio-8080-exec-2] o.s.web.servlet.DispatcherServlet        : Initializing Servlet 'dispatcherServlet'
2026-03-16T00:14:33.804-05:00  INFO 23388 --- [polizas-api] [http-nio-8080-exec-2] o.s.web.servlet.DispatcherServlet        : Completed initialization in 0 ms
2026-03-16T00:15:53.036-05:00  INFO 23388 --- [polizas-api] [http-nio-8080-exec-9] c.s.p.service.CoreNotificationService    : [CORE-MOCK] Evento enviado al CORE -> evento='AGREGAR_RIESGO', polizaId=2
2026-03-16T00:16:14.654-05:00  INFO 23388 --- [polizas-api] [http-nio-8080-exec-1] c.s.p.service.CoreNotificationService    : [CORE-MOCK] Evento enviado al CORE -> evento='AGREGAR_RIESGO', polizaId=2
2026-03-16T00:17:02.530-05:00  INFO 23388 --- [polizas-api] [http-nio-8080-exec-5] c.s.p.service.CoreNotificationService    : [CORE-MOCK] Evento enviado al CORE -> evento='RENOVACION', polizaId=3
2026-03-16T00:17:33.673-05:00  INFO 23388 --- [polizas-api] [http-nio-8080-exec-8] c.s.p.service.CoreNotificationService    : [CORE-MOCK] Evento enviado al CORE -> evento='CANCELAR_RIESGO', polizaId=2
2026-03-16T00:18:44.835-05:00  INFO 23388 --- [polizas-api] [http-nio-8080-exec-3] c.s.p.service.CoreNotificationService    : [CORE-MOCK] Evento enviado al CORE -> evento='CANCELAR_RIESGO', polizaId=2
2026-03-16T00:32:09.689-05:00  INFO 23388 --- [polizas-api] [SpringApplicationShutdownHook] o.s.boot.tomcat.GracefulShutdown         : Commencing graceful shutdown. Waiting for active requests to complete
2026-03-16T00:32:09.699-05:00  INFO 23388 --- [polizas-api] [tomcat-shutdown] o.s.boot.tomcat.GracefulShutdown         : Graceful shutdown complete
2026-03-16T00:32:09.701-05:00  INFO 23388 --- [polizas-api] [SpringApplicationShutdownHook] j.LocalContainerEntityManagerFactoryBean : Closing JPA EntityManagerFactory for persistence unit 'default'
2026-03-16T00:32:09.703-05:00  INFO 23388 --- [polizas-api] [SpringApplicationShutdownHook] com.zaxxer.hikari.HikariDataSource       : HikariPool-1 - Shutdown initiated...
2026-03-16T00:32:09.703-05:00  INFO 23388 --- [polizas-api] [SpringApplicationShutdownHook] com.zaxxer.hikari.HikariDataSource       : HikariPool-1 - Shutdown completed.
2026-03-16T00:32:16.937-05:00  INFO 9828 --- [polizas-api] [main] c.s.polizasapp.PolizasappApplication     : Starting PolizasappApplication using Java 25.0.2 with PID 9828 (C:\xampp\htdocs\SpringBoot\Nueva carpeta\polizasapp\target\classes started by Unknown_U in C:\xampp\htdocs\SpringBoot\Nueva carpeta\polizasapp)
2026-03-16T00:32:16.939-05:00  INFO 9828 --- [polizas-api] [main] c.s.polizasapp.PolizasappApplication     : No active profile set, falling back to 1 default profile: "default"
2026-03-16T00:32:17.463-05:00  INFO 9828 --- [polizas-api] [main] .s.d.r.c.RepositoryConfigurationDelegate : Bootstrapping Spring Data JPA repositories in DEFAULT mode.
2026-03-16T00:32:17.516-05:00  INFO 9828 --- [polizas-api] [main] .s.d.r.c.RepositoryConfigurationDelegate : Finished Spring Data repository scanning in 45 ms. Found 2 JPA repository interfaces.
2026-03-16T00:32:17.880-05:00  INFO 9828 --- [polizas-api] [main] o.s.boot.tomcat.TomcatWebServer          : Tomcat initialized with port 8080 (http)
2026-03-16T00:32:17.894-05:00  INFO 9828 --- [polizas-api] [main] o.apache.catalina.core.StandardService   : Starting service [Tomcat]
2026-03-16T00:32:17.895-05:00  INFO 9828 --- [polizas-api] [main] o.apache.catalina.core.StandardEngine    : Starting Servlet engine: [Apache Tomcat/11.0.18]
2026-03-16T00:32:17.960-05:00  INFO 9828 --- [polizas-api] [main] b.w.c.s.WebApplicationContextInitializer : Root WebApplicationContext: initialization completed in 982 ms
2026-03-16T00:32:18.110-05:00  INFO 9828 --- [polizas-api] [main] org.hibernate.orm.jpa                    : HHH008540: Processing PersistenceUnitInfo [name: default]
2026-03-16T00:32:18.164-05:00  INFO 9828 --- [polizas-api] [main] org.hibernate.orm.core                   : HHH000001: Hibernate ORM core version 7.2.4.Final
2026-03-16T00:32:18.617-05:00  INFO 9828 --- [polizas-api] [main] o.s.o.j.p.SpringPersistenceUnitInfo      : No LoadTimeWeaver setup: ignoring JPA class transformer
2026-03-16T00:32:18.648-05:00  INFO 9828 --- [polizas-api] [main] com.zaxxer.hikari.HikariDataSource       : HikariPool-1 - Starting...
2026-03-16T00:32:18.816-05:00  INFO 9828 --- [polizas-api] [main] com.zaxxer.hikari.pool.HikariPool        : HikariPool-1 - Added connection conn0: url=jdbc:h2:mem:polizasdb user=SA
2026-03-16T00:32:18.818-05:00  INFO 9828 --- [polizas-api] [main] com.zaxxer.hikari.HikariDataSource       : HikariPool-1 - Start completed.
2026-03-16T00:32:18.842-05:00  WARN 9828 --- [polizas-api] [main] org.hibernate.orm.deprecation            : HHH90000025: H2Dialect does not need to be specified explicitly using 'hibernate.dialect' (remove the property setting and it will be selected by default)
2026-03-16T00:32:18.872-05:00  INFO 9828 --- [polizas-api] [main] org.hibernate.orm.connections.pooling    : HHH10001005: Database info:
	Database JDBC URL [jdbc:h2:mem:polizasdb]
	Database driver: H2 JDBC Driver
	Database dialect: H2Dialect
	Database version: 2.4.240
	Default catalog/schema: POLIZASDB/PUBLIC
	Autocommit mode: undefined/unknown
	Isolation level: READ_COMMITTED [default READ_COMMITTED]
	JDBC fetch size: 100
	Pool: DataSourceConnectionProvider
	Minimum pool size: undefined/unknown
	Maximum pool size: undefined/unknown
2026-03-16T00:32:19.724-05:00  INFO 9828 --- [polizas-api] [main] org.hibernate.orm.core                   : HHH000489: No JTA platform available (set 'hibernate.transaction.jta.platform' to enable JTA platform integration)
2026-03-16T00:32:19.796-05:00  INFO 9828 --- [polizas-api] [main] j.LocalContainerEntityManagerFactoryBean : Initialized JPA EntityManagerFactory for persistence unit 'default'
2026-03-16T00:32:19.866-05:00  INFO 9828 --- [polizas-api] [main] o.s.d.j.r.query.QueryEnhancerFactories   : Hibernate is in classpath; If applicable, HQL parser will be used.
2026-03-16T00:32:20.143-05:00  WARN 9828 --- [polizas-api] [main] JpaBaseConfiguration$JpaWebConfiguration : spring.jpa.open-in-view is enabled by default. Therefore, database queries may be performed during view rendering. Explicitly configure spring.jpa.open-in-view to disable this warning
2026-03-16T00:32:20.362-05:00  INFO 9828 --- [polizas-api] [main] o.s.b.h.a.H2ConsoleAutoConfiguration     : H2 console available at '/h2-console'. Database available at 'jdbc:h2:mem:polizasdb'
2026-03-16T00:32:20.422-05:00  INFO 9828 --- [polizas-api] [main] o.s.boot.tomcat.TomcatWebServer          : Tomcat started on port 8080 (http) with context path '/'
2026-03-16T00:32:20.426-05:00  INFO 9828 --- [polizas-api] [main] c.s.polizasapp.PolizasappApplication     : Started PolizasappApplication in 3.867 seconds (process running for 4.251)
2026-03-16T00:32:21.690-05:00  INFO 9828 --- [polizas-api] [http-nio-8080-exec-1] o.a.c.c.C.[Tomcat].[localhost].[/]       : Initializing Spring DispatcherServlet 'dispatcherServlet'
2026-03-16T00:32:21.690-05:00  INFO 9828 --- [polizas-api] [http-nio-8080-exec-1] o.s.web.servlet.DispatcherServlet        : Initializing Servlet 'dispatcherServlet'
2026-03-16T00:32:21.691-05:00  INFO 9828 --- [polizas-api] [http-nio-8080-exec-1] o.s.web.servlet.DispatcherServlet        : Completed initialization in 0 ms
2026-03-16T00:36:02.121-05:00  INFO 9828 --- [polizas-api] [SpringApplicationShutdownHook] o.s.boot.tomcat.GracefulShutdown         : Commencing graceful shutdown. Waiting for active requests to complete
2026-03-16T00:36:02.130-05:00  INFO 9828 --- [polizas-api] [tomcat-shutdown] o.s.boot.tomcat.GracefulShutdown         : Graceful shutdown complete
2026-03-16T00:36:02.133-05:00  INFO 9828 --- [polizas-api] [SpringApplicationShutdownHook] j.LocalContainerEntityManagerFactoryBean : Closing JPA EntityManagerFactory for persistence unit 'default'
2026-03-16T00:36:02.135-05:00  INFO 9828 --- [polizas-api] [SpringApplicationShutdownHook] com.zaxxer.hikari.HikariDataSource       : HikariPool-1 - Shutdown initiated...
2026-03-16T00:36:02.136-05:00  INFO 9828 --- [polizas-api] [SpringApplicationShutdownHook] com.zaxxer.hikari.HikariDataSource       : HikariPool-1 - Shutdown completed.
2026-03-16T00:44:07.247-05:00  INFO 26424 --- [polizas-api] [main] c.s.polizasapp.PolizasappApplication     : Starting PolizasappApplication using Java 25.0.2 with PID 26424 (C:\xampp\htdocs\SpringBoot\Nueva carpeta\polizasapp\target\classes started by Unknown_U in C:\xampp\htdocs\SpringBoot\Nueva carpeta\polizasapp)
2026-03-16T00:44:07.250-05:00  INFO 26424 --- [polizas-api] [main] c.s.polizasapp.PolizasappApplication     : No active profile set, falling back to 1 default profile: "default"
2026-03-16T00:44:07.798-05:00  INFO 26424 --- [polizas-api] [main] .s.d.r.c.RepositoryConfigurationDelegate : Bootstrapping Spring Data JPA repositories in DEFAULT mode.
2026-03-16T00:44:07.855-05:00  INFO 26424 --- [polizas-api] [main] .s.d.r.c.RepositoryConfigurationDelegate : Finished Spring Data repository scanning in 47 ms. Found 2 JPA repository interfaces.
2026-03-16T00:44:08.226-05:00  INFO 26424 --- [polizas-api] [main] o.s.boot.tomcat.TomcatWebServer          : Tomcat initialized with port 8080 (http)
2026-03-16T00:44:08.240-05:00  INFO 26424 --- [polizas-api] [main] o.apache.catalina.core.StandardService   : Starting service [Tomcat]
2026-03-16T00:44:08.241-05:00  INFO 26424 --- [polizas-api] [main] o.apache.catalina.core.StandardEngine    : Starting Servlet engine: [Apache Tomcat/11.0.18]
2026-03-16T00:44:08.309-05:00  INFO 26424 --- [polizas-api] [main] b.w.c.s.WebApplicationContextInitializer : Root WebApplicationContext: initialization completed in 1019 ms
2026-03-16T00:44:08.451-05:00  INFO 26424 --- [polizas-api] [main] org.hibernate.orm.jpa                    : HHH008540: Processing PersistenceUnitInfo [name: default]
2026-03-16T00:44:08.501-05:00  INFO 26424 --- [polizas-api] [main] org.hibernate.orm.core                   : HHH000001: Hibernate ORM core version 7.2.4.Final
2026-03-16T00:44:08.943-05:00  INFO 26424 --- [polizas-api] [main] o.s.o.j.p.SpringPersistenceUnitInfo      : No LoadTimeWeaver setup: ignoring JPA class transformer
2026-03-16T00:44:08.974-05:00  INFO 26424 --- [polizas-api] [main] com.zaxxer.hikari.HikariDataSource       : HikariPool-1 - Starting...
2026-03-16T00:44:09.145-05:00  INFO 26424 --- [polizas-api] [main] com.zaxxer.hikari.pool.HikariPool        : HikariPool-1 - Added connection conn0: url=jdbc:h2:mem:polizasdb user=SA
2026-03-16T00:44:09.147-05:00  INFO 26424 --- [polizas-api] [main] com.zaxxer.hikari.HikariDataSource       : HikariPool-1 - Start completed.
2026-03-16T00:44:09.173-05:00  WARN 26424 --- [polizas-api] [main] org.hibernate.orm.deprecation            : HHH90000025: H2Dialect does not need to be specified explicitly using 'hibernate.dialect' (remove the property setting and it will be selected by default)
2026-03-16T00:44:09.196-05:00  INFO 26424 --- [polizas-api] [main] org.hibernate.orm.connections.pooling    : HHH10001005: Database info:
	Database JDBC URL [jdbc:h2:mem:polizasdb]
	Database driver: H2 JDBC Driver
	Database dialect: H2Dialect
	Database version: 2.4.240
	Default catalog/schema: POLIZASDB/PUBLIC
	Autocommit mode: undefined/unknown
	Isolation level: READ_COMMITTED [default READ_COMMITTED]
	JDBC fetch size: 100
	Pool: DataSourceConnectionProvider
	Minimum pool size: undefined/unknown
	Maximum pool size: undefined/unknown
2026-03-16T00:44:09.997-05:00  INFO 26424 --- [polizas-api] [main] org.hibernate.orm.core                   : HHH000489: No JTA platform available (set 'hibernate.transaction.jta.platform' to enable JTA platform integration)
2026-03-16T00:44:10.063-05:00  INFO 26424 --- [polizas-api] [main] j.LocalContainerEntityManagerFactoryBean : Initialized JPA EntityManagerFactory for persistence unit 'default'
2026-03-16T00:44:10.132-05:00  INFO 26424 --- [polizas-api] [main] o.s.d.j.r.query.QueryEnhancerFactories   : Hibernate is in classpath; If applicable, HQL parser will be used.
2026-03-16T00:44:10.365-05:00  WARN 26424 --- [polizas-api] [main] JpaBaseConfiguration$JpaWebConfiguration : spring.jpa.open-in-view is enabled by default. Therefore, database queries may be performed during view rendering. Explicitly configure spring.jpa.open-in-view to disable this warning
2026-03-16T00:44:10.577-05:00  INFO 26424 --- [polizas-api] [main] o.s.b.h.a.H2ConsoleAutoConfiguration     : H2 console available at '/h2-console'. Database available at 'jdbc:h2:mem:polizasdb'
2026-03-16T00:44:10.639-05:00  INFO 26424 --- [polizas-api] [main] o.s.boot.tomcat.TomcatWebServer          : Tomcat started on port 8080 (http) with context path '/'
2026-03-16T00:44:10.643-05:00  INFO 26424 --- [polizas-api] [main] c.s.polizasapp.PolizasappApplication     : Started PolizasappApplication in 3.769 seconds (process running for 4.151)
2026-03-16T00:47:33.453-05:00  INFO 26424 --- [polizas-api] [http-nio-8080-exec-2] o.a.c.c.C.[Tomcat].[localhost].[/]       : Initializing Spring DispatcherServlet 'dispatcherServlet'
2026-03-16T00:47:33.454-05:00  INFO 26424 --- [polizas-api] [http-nio-8080-exec-2] o.s.web.servlet.DispatcherServlet        : Initializing Servlet 'dispatcherServlet'
2026-03-16T00:47:33.456-05:00  INFO 26424 --- [polizas-api] [http-nio-8080-exec-2] o.s.web.servlet.DispatcherServlet        : Completed initialization in 1 ms
2026-03-16T00:47:33.589-05:00  INFO 26424 --- [polizas-api] [http-nio-8080-exec-2] c.s.p.controller.CoreMockController      : [CORE-MOCK] Evento recibido -> evento='ACTUALIZACION', polizaId=555
